---------------------------------------
Begin Slurm Prolog: Apr-24-2026 16:08:02
Job ID:    7405586
User ID:   tcooper84
Account:   gts-jstroud36
Job name:  rnole_pipeline
Partition: cpu-small
QOS:       inferno
---------------------------------------

 N E X T F L O W   ~  version 25.10.4

Downloading plugin nf-schema@2.5.1
Launching `pipeline/main.nf` [festering_majorana] DSL2 - revision: 2981791ab0


------------------------------------------------------
                                        ,--./,-.
        ___     __   __   __   ___     /,-._.--~'
  |\ | |__  __ /  ` /  \ |__) |__         }  {
  | \| |       \__, \__/ |  \ |___     \`-._,-`-,
                                        `._,._,'
  nf-core/rnaseq 3.24.0
------------------------------------------------------

Input/output options
  input                                    : samplesheets/test_1k.csv
  outdir                                   : results/test_1k_salmon

Reference genome options
  fasta                                    : ref/AnoSag.fna.gz
  gtf                                      : ref/AnoSag.gtf.gz

UMI options
  umi_discard_read                         : 0

Alignment options
  pseudo_aligner                           : salmon

Process skipping options
  skip_alignment                           : true

Generic options
  trace_report_suffix                      : 2026-04-24_16-08-13

Core Nextflow options
  runName                                  : festering_majorana
  containerEngine                          : singularity
  container..*STAR_ALIGN_IGENOMES          : community.wave.seqera.io/library/star_samtools_gawk:79ca42311e583cdc
  container.STAR_GENOMEGENERATE_IGENOMES   : community.wave.seqera.io/library/star_samtools_gawk:79ca42311e583cdc
  container..*PARABRICKS_STARGENOMEGENERATE: community.wave.seqera.io/library/htslib_samtools_star_gawk:4de2f983041d42e6
  launchDir                                : /storage/project/r-jstroud36-0/tcooper84/RNole
  workDir                                  : /storage/project/r-jstroud36-0/tcooper84/RNole/work
  projectDir                               : /storage/project/r-jstroud36-0/tcooper84/RNole/pipeline
  userName                                 : tcooper84
  profile                                  : singularity
  configFiles                              : /storage/project/r-jstroud36-0/tcooper84/RNole/pipeline/nextflow.config, /storage/project/r-jstroud36-0/tcooper84/RNole/config/pace_phoenix.config

!! Only displaying parameters that differ from the pipeline defaults !!
------------------------------------------------------

* The pipeline
    https://doi.org/10.5281/zenodo.1400710

* The nf-core framework
    https://doi.org/10.1038/s41587-020-0439-x

* Software dependencies
    https://github.com/nf-core/rnaseq/blob/master/CITATIONS.md

WARN: ~~~~~~~~~~~~~~~~~~~~~~~~~~~~~~~~~~~~~~~~~~~~~~~~~~~~~~~~~~~~~~~~~~~~~~
  '--skip_alignment' parameter has been provided.
  Skipping alignment, genome-based quantification and all downstream QC processes.
~~~~~~~~~~~~~~~~~~~~~~~~~~~~~~~~~~~~~~~~~~~~~~~~~~~~~~~~~~~~~~~~~~~~~~~~~~~~
[-        ] NFC…:PREPARE_GENOME:GUNZIP_GTF -
[-        ] NFC…REPARE_GENOME:GUNZIP_FASTA -
[-        ] NFC…:PREPARE_GENOME:GTF_FILTER -
[-        ] NFC…SEQ:PREPARE_GENOME:GTF2BED -
[-        ] NFC…OME:MAKE_TRANSCRIPTS_FASTA -
[-        ] NFC…PARE_GENOME:SAMTOOLS_FAIDX -
WARN: The operator `first` is useless when applied to a value channel which returns a single value by definition

[-        ] NFC…:PREPARE_GENOME:GUNZIP_GTF -
[-        ] NFC…REPARE_GENOME:GUNZIP_FASTA -
[-        ] NFC…:PREPARE_GENOME:GTF_FILTER -
[-        ] NFC…SEQ:PREPARE_GENOME:GTF2BED -
[-        ] NFC…OME:MAKE_TRANSCRIPTS_FASTA -
[-        ] NFC…PARE_GENOME:SAMTOOLS_FAIDX -
[-        ] NFC…REPARE_GENOME:SALMON_INDEX -
[-        ] NFC…ASEQ:RNASEQ:SAMTOOLS_INDEX -
[-        ] NFC…_SETSTRANDEDNESS:CAT_FASTQ -
[-        ] NFC…ER_SETSTRANDEDNESS:FQ_LINT -
[-        ] NFC…UMITOOLS_TRIMGALORE:FASTQC -
[-        ] NFC…OOLS_TRIMGALORE:TRIMGALORE -
WARN: The operator `first` is useless when applied to a value channel which returns a single value by definition

[-        ] NFC…:PREPARE_GENOME:GUNZIP_GTF -
[-        ] NFC…REPARE_GENOME:GUNZIP_FASTA -
[-        ] NFC…:PREPARE_GENOME:GTF_FILTER -
[-        ] NFC…SEQ:PREPARE_GENOME:GTF2BED -
[-        ] NFC…OME:MAKE_TRANSCRIPTS_FASTA -
[-        ] NFC…PARE_GENOME:SAMTOOLS_FAIDX -
[-        ] NFC…REPARE_GENOME:SALMON_INDEX -
[-        ] NFC…ASEQ:RNASEQ:SAMTOOLS_INDEX -
[-        ] NFC…_SETSTRANDEDNESS:CAT_FASTQ -
[-        ] NFC…ER_SETSTRANDEDNESS:FQ_LINT -
[-        ] NFC…UMITOOLS_TRIMGALORE:FASTQC -
[-        ] NFC…OOLS_TRIMGALORE:TRIMGALORE -
[-        ] NFC…ESS:FQ_LINT_AFTER_TRIMMING -
[-        ] NFC…PLE_FQ_SALMON:FQ_SUBSAMPLE -
[-        ] NFC…PLE_FQ_SALMON:SALMON_QUANT -
[-        ] NFC…FY_BAM_SALMON:SALMON_QUANT -
[-        ] NFC…DEXPERIMENT:CUSTOM_TX2GENE -
[-        ] NFC…XPERIMENT:TXIMETA_TXIMPORT -
[-        ] NFC…EXPERIMENT:SE_GENE_UNIFIED -
[-        ] NFC…MENT:SE_TRANSCRIPT_UNIFIED -
WARN: The operator `first` is useless when applied to a value channel which returns a single value by definition

[-        ] NFC…:PREPARE_GENOME:GUNZIP_GTF -
[-        ] NFC…REPARE_GENOME:GUNZIP_FASTA -
[-        ] NFC…:PREPARE_GENOME:GTF_FILTER -
[-        ] NFC…SEQ:PREPARE_GENOME:GTF2BED -
[-        ] NFC…OME:MAKE_TRANSCRIPTS_FASTA -
[-        ] NFC…PARE_GENOME:SAMTOOLS_FAIDX -
[-        ] NFC…REPARE_GENOME:SALMON_INDEX -
[-        ] NFC…ASEQ:RNASEQ:SAMTOOLS_INDEX -
[-        ] NFC…_SETSTRANDEDNESS:CAT_FASTQ -
[-        ] NFC…ER_SETSTRANDEDNESS:FQ_LINT -
[-        ] NFC…UMITOOLS_TRIMGALORE:FASTQC -
[-        ] NFC…OOLS_TRIMGALORE:TRIMGALORE -
[-        ] NFC…ESS:FQ_LINT_AFTER_TRIMMING -
[-        ] NFC…PLE_FQ_SALMON:FQ_SUBSAMPLE -
[-        ] NFC…PLE_FQ_SALMON:SALMON_QUANT -
[-        ] NFC…FY_BAM_SALMON:SALMON_QUANT -
[-        ] NFC…DEXPERIMENT:CUSTOM_TX2GENE -
[-        ] NFC…XPERIMENT:TXIMETA_TXIMPORT -
[-        ] NFC…EXPERIMENT:SE_GENE_UNIFIED -
[-        ] NFC…MENT:SE_TRANSCRIPT_UNIFIED -
Plus 14 more processes waiting for tasks…
WARN: The operator `first` is useless when applied to a value channel which returns a single value by definition

[-        ] NFC…:PREPARE_GENOME:GUNZIP_GTF -
[-        ] NFC…REPARE_GENOME:GUNZIP_FASTA -
[-        ] NFC…:PREPARE_GENOME:GTF_FILTER -
[-        ] NFC…SEQ:PREPARE_GENOME:GTF2BED -
[-        ] NFC…OME:MAKE_TRANSCRIPTS_FASTA -
[-        ] NFC…PARE_GENOME:SAMTOOLS_FAIDX -
[-        ] NFC…REPARE_GENOME:SALMON_INDEX -
[-        ] NFC…ASEQ:RNASEQ:SAMTOOLS_INDEX -
[-        ] NFC…_SETSTRANDEDNESS:CAT_FASTQ -
[-        ] NFC…ER_SETSTRANDEDNESS:FQ_LINT -
[-        ] NFC…UMITOOLS_TRIMGALORE:FASTQC -
[-        ] NFC…OOLS_TRIMGALORE:TRIMGALORE -
[-        ] NFC…ESS:FQ_LINT_AFTER_TRIMMING -
[-        ] NFC…PLE_FQ_SALMON:FQ_SUBSAMPLE -
[-        ] NFC…PLE_FQ_SALMON:SALMON_QUANT -
[-        ] NFC…FY_BAM_SALMON:SALMON_QUANT -
[-        ] NFC…DEXPERIMENT:CUSTOM_TX2GENE -
[-        ] NFC…XPERIMENT:TXIMETA_TXIMPORT -
[-        ] NFC…EXPERIMENT:SE_GENE_UNIFIED -
[-        ] NFC…MENT:SE_TRANSCRIPT_UNIFIED -
Plus 27 more processes waiting for tasks…
WARN: The operator `first` is useless when applied to a value channel which returns a single value by definition

[-        ] NFC…:PREPARE_GENOME:GUNZIP_GTF -
[-        ] NFC…REPARE_GENOME:GUNZIP_FASTA -
[-        ] NFC…:PREPARE_GENOME:GTF_FILTER -
[-        ] NFC…SEQ:PREPARE_GENOME:GTF2BED -
[-        ] NFC…OME:MAKE_TRANSCRIPTS_FASTA -
[-        ] NFC…PARE_GENOME:SAMTOOLS_FAIDX -
[-        ] NFC…REPARE_GENOME:SALMON_INDEX -
[-        ] NFC…ASEQ:RNASEQ:SAMTOOLS_INDEX -
[-        ] NFC…_SETSTRANDEDNESS:CAT_FASTQ -
[-        ] NFC…ER_SETSTRANDEDNESS:FQ_LINT -
[-        ] NFC…UMITOOLS_TRIMGALORE:FASTQC -
[-        ] NFC…OOLS_TRIMGALORE:TRIMGALORE -
[-        ] NFC…ESS:FQ_LINT_AFTER_TRIMMING -
[-        ] NFC…PLE_FQ_SALMON:FQ_SUBSAMPLE -
[-        ] NFC…PLE_FQ_SALMON:SALMON_QUANT -
[-        ] NFC…FY_BAM_SALMON:SALMON_QUANT -
[-        ] NFC…DEXPERIMENT:CUSTOM_TX2GENE -
[-        ] NFC…XPERIMENT:TXIMETA_TXIMPORT -
[-        ] NFC…EXPERIMENT:SE_GENE_UNIFIED -
[-        ] NFC…MENT:SE_TRANSCRIPT_UNIFIED -
Plus 32 more processes waiting for tasks…
WARN: The operator `first` is useless when applied to a value channel which returns a single value by definition

[-        ] NFC…:PREPARE_GENOME:GUNZIP_GTF -
[-        ] NFC…REPARE_GENOME:GUNZIP_FASTA -
[-        ] NFC…:PREPARE_GENOME:GTF_FILTER -
[-        ] NFC…SEQ:PREPARE_GENOME:GTF2BED -
[-        ] NFC…OME:MAKE_TRANSCRIPTS_FASTA -
[-        ] NFC…PARE_GENOME:SAMTOOLS_FAIDX -
[-        ] NFC…REPARE_GENOME:SALMON_INDEX -
[-        ] NFC…ASEQ:RNASEQ:SAMTOOLS_INDEX -
[-        ] NFC…_SETSTRANDEDNESS:CAT_FASTQ -
[-        ] NFC…ER_SETSTRANDEDNESS:FQ_LINT -
[-        ] NFC…UMITOOLS_TRIMGALORE:FASTQC -
[-        ] NFC…OOLS_TRIMGALORE:TRIMGALORE -
[-        ] NFC…ESS:FQ_LINT_AFTER_TRIMMING -
[-        ] NFC…PLE_FQ_SALMON:FQ_SUBSAMPLE -
[-        ] NFC…PLE_FQ_SALMON:SALMON_QUANT -
[-        ] NFC…FY_BAM_SALMON:SALMON_QUANT -
[-        ] NFC…DEXPERIMENT:CUSTOM_TX2GENE -
[-        ] NFC…XPERIMENT:TXIMETA_TXIMPORT -
[-        ] NFC…EXPERIMENT:SE_GENE_UNIFIED -
[-        ] NFC…MENT:SE_TRANSCRIPT_UNIFIED -
Plus 32 more processes waiting for tasks…
Pulling Singularity image https://community-cr-prod.seqera.io/docker/registry/v2/blobs/sha256/52/52ccce28d2ab928ab862e25aae26314d69c8e38bd41ca9431c67ef05221348aa/data [cache /storage/project/r-jstroud36-0/tcooper84/singularity_cache/community-cr-prod.seqera.io-docker-registry-v2-blobs-sha256-52-52ccce28d2ab928ab862e25aae26314d69c8e38bd41ca9431c67ef05221348aa-data.img]
Pulling Singularity image https://depot.galaxyproject.org/singularity/fq:0.12.0--h9ee0642_0 [cache /storage/project/r-jstroud36-0/tcooper84/singularity_cache/depot.galaxyproject.org-singularity-fq-0.12.0--h9ee0642_0.img]
WARN: The operator `first` is useless when applied to a value channel which returns a single value by definition

[-        ] NFC…:PREPARE_GENOME:GUNZIP_GTF -
[-        ] NFC…REPARE_GENOME:GUNZIP_FASTA -
[-        ] NFC…:PREPARE_GENOME:GTF_FILTER -
[-        ] NFC…SEQ:PREPARE_GENOME:GTF2BED -
[-        ] NFC…OME:MAKE_TRANSCRIPTS_FASTA -
[-        ] NFC…PARE_GENOME:SAMTOOLS_FAIDX -
[-        ] NFC…REPARE_GENOME:SALMON_INDEX -
[-        ] NFC…ASEQ:RNASEQ:SAMTOOLS_INDEX -
[-        ] NFC…_SETSTRANDEDNESS:CAT_FASTQ -
[-        ] NFC…ER_SETSTRANDEDNESS:FQ_LINT -
[-        ] NFC…UMITOOLS_TRIMGALORE:FASTQC -
[-        ] NFC…OOLS_TRIMGALORE:TRIMGALORE -
[-        ] NFC…ESS:FQ_LINT_AFTER_TRIMMING -
[-        ] NFC…PLE_FQ_SALMON:FQ_SUBSAMPLE -
[-        ] NFC…PLE_FQ_SALMON:SALMON_QUANT -
[-        ] NFC…FY_BAM_SALMON:SALMON_QUANT -
[-        ] NFC…DEXPERIMENT:CUSTOM_TX2GENE -
[-        ] NFC…XPERIMENT:TXIMETA_TXIMPORT -
[-        ] NFC…EXPERIMENT:SE_GENE_UNIFIED -
[-        ] NFC…MENT:SE_TRANSCRIPT_UNIFIED -
Plus 32 more processes waiting for tasks…
Pulling Singularity image https://community-cr-prod.seqera.io/docker/registry/v2/blobs/sha256/52/52ccce28d2ab928ab862e25aae26314d69c8e38bd41ca9431c67ef05221348aa/data [cache /storage/project/r-jstroud36-0/tcooper84/singularity_cache/community-cr-prod.seqera.io-docker-registry-v2-blobs-sha256-52-52ccce28d2ab928ab862e25aae26314d69c8e38bd41ca9431c67ef05221348aa-data.img]
Pulling Singularity image https://depot.galaxyproject.org/singularity/fq:0.12.0--h9ee0642_0 [cache /storage/project/r-jstroud36-0/tcooper84/singularity_cache/depot.galaxyproject.org-singularity-fq-0.12.0--h9ee0642_0.img]
WARN: The operator `first` is useless when applied to a value channel which returns a single value by definition
ERROR ~ Error executing process > 'NFCORE_RNASEQ:PREPARE_GENOME:GUNZIP_FASTA'

Caused by:
  Failed to pull singularity image
    command: singularity pull  --name community-cr-prod.seqera.io-docker-registry-v2-blobs-sha256-52-52ccce28d2ab928ab862e25aae26314d69c8e38bd41ca9431c67ef05221348aa-data.img.pulling.1777061322964 https://community-cr-prod.seqera.io/docker/registry/v2/blobs/sha256/52/52ccce28d2ab928ab862e25aae26314d69c8e38bd41ca9431c67ef05221348aa/data > /dev/null
    status : 255
    hint   : Try and increase singularity.pullTimeout in the config (current is "20m")
    message:
      ERROR: pull is only supported for shub URIs



 -- Check '.nextflow.log' file for details

[-        ] NFC…:PREPARE_GENOME:GUNZIP_GTF -
[-        ] NFC…REPARE_GENOME:GUNZIP_FASTA -
[-        ] NFC…:PREPARE_GENOME:GTF_FILTER -
[-        ] NFC…SEQ:PREPARE_GENOME:GTF2BED -
[-        ] NFC…OME:MAKE_TRANSCRIPTS_FASTA -
[-        ] NFC…PARE_GENOME:SAMTOOLS_FAIDX -
[-        ] NFC…REPARE_GENOME:SALMON_INDEX -
[-        ] NFC…ASEQ:RNASEQ:SAMTOOLS_INDEX -
[-        ] NFC…_SETSTRANDEDNESS:CAT_FASTQ -
[-        ] NFC…ER_SETSTRANDEDNESS:FQ_LINT -
[-        ] NFC…UMITOOLS_TRIMGALORE:FASTQC -
[-        ] NFC…OOLS_TRIMGALORE:TRIMGALORE -
[-        ] NFC…ESS:FQ_LINT_AFTER_TRIMMING -
[-        ] NFC…PLE_FQ_SALMON:FQ_SUBSAMPLE -
[-        ] NFC…PLE_FQ_SALMON:SALMON_QUANT -
[-        ] NFC…FY_BAM_SALMON:SALMON_QUANT -
[-        ] NFC…DEXPERIMENT:CUSTOM_TX2GENE -
[-        ] NFC…XPERIMENT:TXIMETA_TXIMPORT -
[-        ] NFC…EXPERIMENT:SE_GENE_UNIFIED -
[-        ] NFC…MENT:SE_TRANSCRIPT_UNIFIED -
Plus 32 more processes waiting for tasks…
Pulling Singularity image https://community-cr-prod.seqera.io/docker/registry/v2/blobs/sha256/52/52ccce28d2ab928ab862e25aae26314d69c8e38bd41ca9431c67ef05221348aa/data [cache /storage/project/r-jstroud36-0/tcooper84/singularity_cache/community-cr-prod.seqera.io-docker-registry-v2-blobs-sha256-52-52ccce28d2ab928ab862e25aae26314d69c8e38bd41ca9431c67ef05221348aa-data.img]
Pulling Singularity image https://depot.galaxyproject.org/singularity/fq:0.12.0--h9ee0642_0 [cache /storage/project/r-jstroud36-0/tcooper84/singularity_cache/depot.galaxyproject.org-singularity-fq-0.12.0--h9ee0642_0.img]
-[nf-core/rnaseq] Pipeline completed with errors-
WARN: The operator `first` is useless when applied to a value channel which returns a single value by definition
ERROR ~ Error executing process > 'NFCORE_RNASEQ:PREPARE_GENOME:GUNZIP_FASTA'

Caused by:
  Failed to pull singularity image
    command: singularity pull  --name community-cr-prod.seqera.io-docker-registry-v2-blobs-sha256-52-52ccce28d2ab928ab862e25aae26314d69c8e38bd41ca9431c67ef05221348aa-data.img.pulling.1777061322964 https://community-cr-prod.seqera.io/docker/registry/v2/blobs/sha256/52/52ccce28d2ab928ab862e25aae26314d69c8e38bd41ca9431c67ef05221348aa/data > /dev/null
    status : 255
    hint   : Try and increase singularity.pullTimeout in the config (current is "20m")
    message:
      ERROR: pull is only supported for shub URIs



 -- Check '.nextflow.log' file for details
ERROR ~ Pipeline failed. Please refer to troubleshooting docs: https://nf-co.re/docs/usage/troubleshooting

 -- Check '.nextflow.log' file for details
WARN: Failed to render execution report -- see the log file for details
WARN: Failed to render execution timeline -- see the log file for details

---------------------------------------
Begin Slurm Epilog: Apr-24-2026 16:08:48
Job ID:        7405586
User ID:       tcooper84
Account:       gts-jstroud36
Job name:      rnole_pipeline
Resources:     cpu=24,mem=96G,node=1
Rsrc Used:     cput=00:19:12,vmem=0,walltime=00:00:48,mem=2073660K,energy_used=0
Partition:     cpu-small
QOS:           inferno
Nodes:         atl1-1-02-015-10-1
---------------------------------------
