---------------------------------------
Begin Slurm Prolog: Apr-24-2026 17:30:31
Job ID:    7416780
User ID:   tcooper84
Account:   gts-jstroud36
Job name:  rnole_pipeline
Partition: cpu-small
QOS:       inferno
---------------------------------------

 N E X T F L O W   ~  version 25.10.4

Launching `pipeline/main.nf` [wise_payne] DSL2 - revision: 2981791ab0


------------------------------------------------------
                                        ,--./,-.
        ___     __   __   __   ___     /,-._.--~'
  |\ | |__  __ /  ` /  \ |__) |__         }  {
  | \| |       \__, \__/ |  \ |___     \`-._,-`-,
                                        `._,._,'
  nf-core/rnaseq 3.24.0
------------------------------------------------------

Input/output options
  input                                    : samplesheets/test_1k.csv
  outdir                                   : results/test_1k_salmon

Reference genome options
  fasta                                    : ref/AnoSag.fna.gz
  gtf                                      : ref/AnoSag.gtf.gz

UMI options
  umi_discard_read                         : 0

Alignment options
  pseudo_aligner                           : salmon

Process skipping options
  skip_alignment                           : true

Generic options
  trace_report_suffix                      : 2026-04-24_17-30-41

Core Nextflow options
  runName                                  : wise_payne
  containerEngine                          : singularity
  container..*STAR_ALIGN_IGENOMES          : community.wave.seqera.io/library/star_samtools_gawk:79ca42311e583cdc
  container.STAR_GENOMEGENERATE_IGENOMES   : community.wave.seqera.io/library/star_samtools_gawk:79ca42311e583cdc
  container..*PARABRICKS_STARGENOMEGENERATE: community.wave.seqera.io/library/htslib_samtools_star_gawk:4de2f983041d42e6
  launchDir                                : /storage/project/r-jstroud36-0/tcooper84/RNole
  workDir                                  : /storage/project/r-jstroud36-0/tcooper84/RNole/work
  projectDir                               : /storage/project/r-jstroud36-0/tcooper84/RNole/pipeline
  userName                                 : tcooper84
  profile                                  : singularity
  configFiles                              : /storage/project/r-jstroud36-0/tcooper84/RNole/pipeline/nextflow.config, /storage/project/r-jstroud36-0/tcooper84/RNole/config/pace_phoenix.config

!! Only displaying parameters that differ from the pipeline defaults !!
------------------------------------------------------

* The pipeline
    https://doi.org/10.5281/zenodo.1400710

* The nf-core framework
    https://doi.org/10.1038/s41587-020-0439-x

* Software dependencies
    https://github.com/nf-core/rnaseq/blob/master/CITATIONS.md

WARN: ~~~~~~~~~~~~~~~~~~~~~~~~~~~~~~~~~~~~~~~~~~~~~~~~~~~~~~~~~~~~~~~~~~~~~~
  '--skip_alignment' parameter has been provided.
  Skipping alignment, genome-based quantification and all downstream QC processes.
~~~~~~~~~~~~~~~~~~~~~~~~~~~~~~~~~~~~~~~~~~~~~~~~~~~~~~~~~~~~~~~~~~~~~~~~~~~~
[-        ] NFC…:PREPARE_GENOME:GUNZIP_GTF -
[-        ] NFC…REPARE_GENOME:GUNZIP_FASTA -
[-        ] NFC…:PREPARE_GENOME:GTF_FILTER -
[-        ] NFC…SEQ:PREPARE_GENOME:GTF2BED -
[-        ] NFC…OME:MAKE_TRANSCRIPTS_FASTA -
[-        ] NFC…PARE_GENOME:SAMTOOLS_FAIDX -
[-        ] NFC…REPARE_GENOME:SALMON_INDEX -
WARN: The operator `first` is useless when applied to a value channel which returns a single value by definition

[-        ] NFC…:PREPARE_GENOME:GUNZIP_GTF -
[-        ] NFC…REPARE_GENOME:GUNZIP_FASTA -
[-        ] NFC…:PREPARE_GENOME:GTF_FILTER -
[-        ] NFC…SEQ:PREPARE_GENOME:GTF2BED -
[-        ] NFC…OME:MAKE_TRANSCRIPTS_FASTA -
[-        ] NFC…PARE_GENOME:SAMTOOLS_FAIDX -
[-        ] NFC…REPARE_GENOME:SALMON_INDEX -
[-        ] NFC…ASEQ:RNASEQ:SAMTOOLS_INDEX -
[-        ] NFC…_SETSTRANDEDNESS:CAT_FASTQ -
[-        ] NFC…ER_SETSTRANDEDNESS:FQ_LINT -
[-        ] NFC…UMITOOLS_TRIMGALORE:FASTQC -
[-        ] NFC…OOLS_TRIMGALORE:TRIMGALORE -
[-        ] NFC…ESS:FQ_LINT_AFTER_TRIMMING -
[-        ] NFC…PLE_FQ_SALMON:FQ_SUBSAMPLE -
WARN: The operator `first` is useless when applied to a value channel which returns a single value by definition

[-        ] NFC…:PREPARE_GENOME:GUNZIP_GTF -
[-        ] NFC…REPARE_GENOME:GUNZIP_FASTA -
[-        ] NFC…:PREPARE_GENOME:GTF_FILTER -
[-        ] NFC…SEQ:PREPARE_GENOME:GTF2BED -
[-        ] NFC…OME:MAKE_TRANSCRIPTS_FASTA -
[-        ] NFC…PARE_GENOME:SAMTOOLS_FAIDX -
[-        ] NFC…REPARE_GENOME:SALMON_INDEX -
[-        ] NFC…ASEQ:RNASEQ:SAMTOOLS_INDEX -
[-        ] NFC…_SETSTRANDEDNESS:CAT_FASTQ -
[-        ] NFC…ER_SETSTRANDEDNESS:FQ_LINT -
[-        ] NFC…UMITOOLS_TRIMGALORE:FASTQC -
[-        ] NFC…OOLS_TRIMGALORE:TRIMGALORE -
[-        ] NFC…ESS:FQ_LINT_AFTER_TRIMMING -
[-        ] NFC…PLE_FQ_SALMON:FQ_SUBSAMPLE -
[-        ] NFC…PLE_FQ_SALMON:SALMON_QUANT -
[-        ] NFC…FY_BAM_SALMON:SALMON_QUANT -
[-        ] NFC…DEXPERIMENT:CUSTOM_TX2GENE -
[-        ] NFC…XPERIMENT:TXIMETA_TXIMPORT -
[-        ] NFC…EXPERIMENT:SE_GENE_UNIFIED -
[-        ] NFC…MENT:SE_TRANSCRIPT_UNIFIED -
Plus 4 more processes waiting for tasks…
WARN: The operator `first` is useless when applied to a value channel which returns a single value by definition

[-        ] NFC…:PREPARE_GENOME:GUNZIP_GTF -
[-        ] NFC…REPARE_GENOME:GUNZIP_FASTA -
[-        ] NFC…:PREPARE_GENOME:GTF_FILTER -
[-        ] NFC…SEQ:PREPARE_GENOME:GTF2BED -
[-        ] NFC…OME:MAKE_TRANSCRIPTS_FASTA -
[-        ] NFC…PARE_GENOME:SAMTOOLS_FAIDX -
[-        ] NFC…REPARE_GENOME:SALMON_INDEX -
[-        ] NFC…ASEQ:RNASEQ:SAMTOOLS_INDEX -
[-        ] NFC…_SETSTRANDEDNESS:CAT_FASTQ -
[-        ] NFC…ER_SETSTRANDEDNESS:FQ_LINT -
[-        ] NFC…UMITOOLS_TRIMGALORE:FASTQC -
[-        ] NFC…OOLS_TRIMGALORE:TRIMGALORE -
[-        ] NFC…ESS:FQ_LINT_AFTER_TRIMMING -
[-        ] NFC…PLE_FQ_SALMON:FQ_SUBSAMPLE -
[-        ] NFC…PLE_FQ_SALMON:SALMON_QUANT -
[-        ] NFC…FY_BAM_SALMON:SALMON_QUANT -
[-        ] NFC…DEXPERIMENT:CUSTOM_TX2GENE -
[-        ] NFC…XPERIMENT:TXIMETA_TXIMPORT -
[-        ] NFC…EXPERIMENT:SE_GENE_UNIFIED -
[-        ] NFC…MENT:SE_TRANSCRIPT_UNIFIED -
Plus 18 more processes waiting for tasks…
WARN: The operator `first` is useless when applied to a value channel which returns a single value by definition

[-        ] NFC…:PREPARE_GENOME:GUNZIP_GTF -
[-        ] NFC…REPARE_GENOME:GUNZIP_FASTA -
[-        ] NFC…:PREPARE_GENOME:GTF_FILTER -
[-        ] NFC…SEQ:PREPARE_GENOME:GTF2BED -
[-        ] NFC…OME:MAKE_TRANSCRIPTS_FASTA -
[-        ] NFC…PARE_GENOME:SAMTOOLS_FAIDX -
[-        ] NFC…REPARE_GENOME:SALMON_INDEX -
[-        ] NFC…ASEQ:RNASEQ:SAMTOOLS_INDEX -
[-        ] NFC…_SETSTRANDEDNESS:CAT_FASTQ -
[-        ] NFC…ER_SETSTRANDEDNESS:FQ_LINT -
[-        ] NFC…UMITOOLS_TRIMGALORE:FASTQC -
[-        ] NFC…OOLS_TRIMGALORE:TRIMGALORE -
[-        ] NFC…ESS:FQ_LINT_AFTER_TRIMMING -
[-        ] NFC…PLE_FQ_SALMON:FQ_SUBSAMPLE -
[-        ] NFC…PLE_FQ_SALMON:SALMON_QUANT -
[-        ] NFC…FY_BAM_SALMON:SALMON_QUANT -
[-        ] NFC…DEXPERIMENT:CUSTOM_TX2GENE -
[-        ] NFC…XPERIMENT:TXIMETA_TXIMPORT -
[-        ] NFC…EXPERIMENT:SE_GENE_UNIFIED -
[-        ] NFC…MENT:SE_TRANSCRIPT_UNIFIED -
Plus 30 more processes waiting for tasks…
WARN: The operator `first` is useless when applied to a value channel which returns a single value by definition

[-        ] NFC…:PREPARE_GENOME:GUNZIP_GTF -
[-        ] NFC…REPARE_GENOME:GUNZIP_FASTA -
[-        ] NFC…:PREPARE_GENOME:GTF_FILTER -
[-        ] NFC…SEQ:PREPARE_GENOME:GTF2BED -
[-        ] NFC…OME:MAKE_TRANSCRIPTS_FASTA -
[-        ] NFC…PARE_GENOME:SAMTOOLS_FAIDX -
[-        ] NFC…REPARE_GENOME:SALMON_INDEX -
[-        ] NFC…ASEQ:RNASEQ:SAMTOOLS_INDEX -
[-        ] NFC…_SETSTRANDEDNESS:CAT_FASTQ -
[-        ] NFC…ER_SETSTRANDEDNESS:FQ_LINT -
[-        ] NFC…UMITOOLS_TRIMGALORE:FASTQC -
[-        ] NFC…OOLS_TRIMGALORE:TRIMGALORE -
[-        ] NFC…ESS:FQ_LINT_AFTER_TRIMMING -
[-        ] NFC…PLE_FQ_SALMON:FQ_SUBSAMPLE -
[-        ] NFC…PLE_FQ_SALMON:SALMON_QUANT -
[-        ] NFC…FY_BAM_SALMON:SALMON_QUANT -
[-        ] NFC…DEXPERIMENT:CUSTOM_TX2GENE -
[-        ] NFC…XPERIMENT:TXIMETA_TXIMPORT -
[-        ] NFC…EXPERIMENT:SE_GENE_UNIFIED -
[-        ] NFC…MENT:SE_TRANSCRIPT_UNIFIED -
Plus 32 more processes waiting for tasks…
WARN: The operator `first` is useless when applied to a value channel which returns a single value by definition

[-        ] NFC…:PREPARE_GENOME:GUNZIP_GTF | 0 of 1
[-        ] NFC…REPARE_GENOME:GUNZIP_FASTA | 0 of 1
[-        ] NFC…:PREPARE_GENOME:GTF_FILTER -
[-        ] NFC…SEQ:PREPARE_GENOME:GTF2BED -
[-        ] NFC…OME:MAKE_TRANSCRIPTS_FASTA -
[-        ] NFC…PARE_GENOME:SAMTOOLS_FAIDX -
[-        ] NFC…REPARE_GENOME:SALMON_INDEX -
[-        ] NFC…ASEQ:RNASEQ:SAMTOOLS_INDEX -
[-        ] NFC…_SETSTRANDEDNESS:CAT_FASTQ -
[-        ] NFC…ER_SETSTRANDEDNESS:FQ_LINT | 0 of 2
[-        ] NFC…UMITOOLS_TRIMGALORE:FASTQC -
[-        ] NFC…OOLS_TRIMGALORE:TRIMGALORE -
[-        ] NFC…ESS:FQ_LINT_AFTER_TRIMMING -
[-        ] NFC…PLE_FQ_SALMON:FQ_SUBSAMPLE -
[-        ] NFC…PLE_FQ_SALMON:SALMON_QUANT -
[-        ] NFC…FY_BAM_SALMON:SALMON_QUANT -
[-        ] NFC…DEXPERIMENT:CUSTOM_TX2GENE -
[-        ] NFC…XPERIMENT:TXIMETA_TXIMPORT -
[-        ] NFC…EXPERIMENT:SE_GENE_UNIFIED -
[-        ] NFC…MENT:SE_TRANSCRIPT_UNIFIED -
Plus 32 more processes waiting for tasks…
WARN: The operator `first` is useless when applied to a value channel which returns a single value by definition

executor >  slurm (1)
[-        ] NFC…:PREPARE_GENOME:GUNZIP_GTF | 0 of 1
[6d/2f9940] NFC…NZIP_FASTA (AnoSag.fna.gz) | 0 of 1
[-        ] NFC…:PREPARE_GENOME:GTF_FILTER -
[-        ] NFC…SEQ:PREPARE_GENOME:GTF2BED -
[-        ] NFC…OME:MAKE_TRANSCRIPTS_FASTA -
[-        ] NFC…PARE_GENOME:SAMTOOLS_FAIDX -
[-        ] NFC…REPARE_GENOME:SALMON_INDEX -
[-        ] NFC…ASEQ:RNASEQ:SAMTOOLS_INDEX -
[-        ] NFC…_SETSTRANDEDNESS:CAT_FASTQ -
[-        ] NFC…ER_SETSTRANDEDNESS:FQ_LINT | 0 of 2
[-        ] NFC…UMITOOLS_TRIMGALORE:FASTQC -
[-        ] NFC…OOLS_TRIMGALORE:TRIMGALORE -
[-        ] NFC…ESS:FQ_LINT_AFTER_TRIMMING -
[-        ] NFC…PLE_FQ_SALMON:FQ_SUBSAMPLE -
[-        ] NFC…PLE_FQ_SALMON:SALMON_QUANT -
[-        ] NFC…FY_BAM_SALMON:SALMON_QUANT -
[-        ] NFC…DEXPERIMENT:CUSTOM_TX2GENE -
[-        ] NFC…XPERIMENT:TXIMETA_TXIMPORT -
[-        ] NFC…EXPERIMENT:SE_GENE_UNIFIED -
[-        ] NFC…MENT:SE_TRANSCRIPT_UNIFIED -
Plus 32 more processes waiting for tasks…
WARN: The operator `first` is useless when applied to a value channel which returns a single value by definition

executor >  slurm (2)
[b2/802395] NFC…GUNZIP_GTF (AnoSag.gtf.gz) | 0 of 1
[6d/2f9940] NFC…NZIP_FASTA (AnoSag.fna.gz) | 0 of 1
[-        ] NFC…:PREPARE_GENOME:GTF_FILTER -
[-        ] NFC…SEQ:PREPARE_GENOME:GTF2BED -
[-        ] NFC…OME:MAKE_TRANSCRIPTS_FASTA -
[-        ] NFC…PARE_GENOME:SAMTOOLS_FAIDX -
[-        ] NFC…REPARE_GENOME:SALMON_INDEX -
[-        ] NFC…ASEQ:RNASEQ:SAMTOOLS_INDEX -
[-        ] NFC…_SETSTRANDEDNESS:CAT_FASTQ -
[-        ] NFC…ER_SETSTRANDEDNESS:FQ_LINT | 0 of 2
[-        ] NFC…UMITOOLS_TRIMGALORE:FASTQC -
[-        ] NFC…OOLS_TRIMGALORE:TRIMGALORE -
[-        ] NFC…ESS:FQ_LINT_AFTER_TRIMMING -
[-        ] NFC…PLE_FQ_SALMON:FQ_SUBSAMPLE -
[-        ] NFC…PLE_FQ_SALMON:SALMON_QUANT -
[-        ] NFC…FY_BAM_SALMON:SALMON_QUANT -
[-        ] NFC…DEXPERIMENT:CUSTOM_TX2GENE -
[-        ] NFC…XPERIMENT:TXIMETA_TXIMPORT -
[-        ] NFC…EXPERIMENT:SE_GENE_UNIFIED -
[-        ] NFC…MENT:SE_TRANSCRIPT_UNIFIED -
Plus 32 more processes waiting for tasks…
WARN: The operator `first` is useless when applied to a value channel which returns a single value by definition

executor >  slurm (3)
[b2/802395] NFC…GUNZIP_GTF (AnoSag.gtf.gz) | 0 of 1
[6d/2f9940] NFC…NZIP_FASTA (AnoSag.fna.gz) | 0 of 1
[-        ] NFC…:PREPARE_GENOME:GTF_FILTER -
[-        ] NFC…SEQ:PREPARE_GENOME:GTF2BED -
[-        ] NFC…OME:MAKE_TRANSCRIPTS_FASTA -
[-        ] NFC…PARE_GENOME:SAMTOOLS_FAIDX -
[-        ] NFC…REPARE_GENOME:SALMON_INDEX -
[-        ] NFC…ASEQ:RNASEQ:SAMTOOLS_INDEX -
[-        ] NFC…_SETSTRANDEDNESS:CAT_FASTQ -
[31/370c2a] NFC…NDEDNESS:FQ_LINT (caro_1k) | 0 of 2
[-        ] NFC…UMITOOLS_TRIMGALORE:FASTQC -
[-        ] NFC…OOLS_TRIMGALORE:TRIMGALORE -
[-        ] NFC…ESS:FQ_LINT_AFTER_TRIMMING -
[-        ] NFC…PLE_FQ_SALMON:FQ_SUBSAMPLE -
[-        ] NFC…PLE_FQ_SALMON:SALMON_QUANT -
[-        ] NFC…FY_BAM_SALMON:SALMON_QUANT -
[-        ] NFC…DEXPERIMENT:CUSTOM_TX2GENE -
[-        ] NFC…XPERIMENT:TXIMETA_TXIMPORT -
[-        ] NFC…EXPERIMENT:SE_GENE_UNIFIED -
[-        ] NFC…MENT:SE_TRANSCRIPT_UNIFIED -
Plus 32 more processes waiting for tasks…
WARN: The operator `first` is useless when applied to a value channel which returns a single value by definition

executor >  slurm (4)
[b2/802395] NFC…GUNZIP_GTF (AnoSag.gtf.gz) | 0 of 1
[6d/2f9940] NFC…NZIP_FASTA (AnoSag.fna.gz) | 0 of 1
[-        ] NFC…:PREPARE_GENOME:GTF_FILTER -
[-        ] NFC…SEQ:PREPARE_GENOME:GTF2BED -
[-        ] NFC…OME:MAKE_TRANSCRIPTS_FASTA -
[-        ] NFC…PARE_GENOME:SAMTOOLS_FAIDX -
[-        ] NFC…REPARE_GENOME:SALMON_INDEX -
[-        ] NFC…ASEQ:RNASEQ:SAMTOOLS_INDEX -
[-        ] NFC…_SETSTRANDEDNESS:CAT_FASTQ -
[af/319b3c] NFC…ANDEDNESS:FQ_LINT (sag_1k) | 0 of 2
[-        ] NFC…UMITOOLS_TRIMGALORE:FASTQC -
[-        ] NFC…OOLS_TRIMGALORE:TRIMGALORE -
[-        ] NFC…ESS:FQ_LINT_AFTER_TRIMMING -
[-        ] NFC…PLE_FQ_SALMON:FQ_SUBSAMPLE -
[-        ] NFC…PLE_FQ_SALMON:SALMON_QUANT -
[-        ] NFC…FY_BAM_SALMON:SALMON_QUANT -
[-        ] NFC…DEXPERIMENT:CUSTOM_TX2GENE -
[-        ] NFC…XPERIMENT:TXIMETA_TXIMPORT -
[-        ] NFC…EXPERIMENT:SE_GENE_UNIFIED -
[-        ] NFC…MENT:SE_TRANSCRIPT_UNIFIED -
Plus 32 more processes waiting for tasks…
WARN: The operator `first` is useless when applied to a value channel which returns a single value by definition

executor >  slurm (4)
[b2/802395] NFC…GUNZIP_GTF (AnoSag.gtf.gz) | 1 of 1 ✔
[6d/2f9940] NFC…NZIP_FASTA (AnoSag.fna.gz) | 1 of 1 ✔
[-        ] NFC…:PREPARE_GENOME:GTF_FILTER | 0 of 1
[-        ] NFC…SEQ:PREPARE_GENOME:GTF2BED -
[-        ] NFC…OME:MAKE_TRANSCRIPTS_FASTA -
[-        ] NFC…PARE_GENOME:SAMTOOLS_FAIDX | 0 of 1
[-        ] NFC…REPARE_GENOME:SALMON_INDEX -
[-        ] NFC…ASEQ:RNASEQ:SAMTOOLS_INDEX -
[-        ] NFC…_SETSTRANDEDNESS:CAT_FASTQ -
[31/370c2a] NFC…NDEDNESS:FQ_LINT (caro_1k) | 2 of 2 ✔
[-        ] NFC…UMITOOLS_TRIMGALORE:FASTQC | 0 of 2
[-        ] NFC…OOLS_TRIMGALORE:TRIMGALORE | 0 of 2
[-        ] NFC…ESS:FQ_LINT_AFTER_TRIMMING -
[-        ] NFC…PLE_FQ_SALMON:FQ_SUBSAMPLE -
[-        ] NFC…PLE_FQ_SALMON:SALMON_QUANT -
[-        ] NFC…FY_BAM_SALMON:SALMON_QUANT -
[-        ] NFC…DEXPERIMENT:CUSTOM_TX2GENE -
[-        ] NFC…XPERIMENT:TXIMETA_TXIMPORT -
[-        ] NFC…EXPERIMENT:SE_GENE_UNIFIED -
[-        ] NFC…MENT:SE_TRANSCRIPT_UNIFIED -
Plus 32 more processes waiting for tasks…


executor >  slurm (5)
[b2/802395] NFC…GUNZIP_GTF (AnoSag.gtf.gz) | 1 of 1 ✔
[6d/2f9940] NFC…NZIP_FASTA (AnoSag.fna.gz) | 1 of 1 ✔
[-        ] NFC…:PREPARE_GENOME:GTF_FILTER | 0 of 1
[-        ] NFC…SEQ:PREPARE_GENOME:GTF2BED -
[-        ] NFC…OME:MAKE_TRANSCRIPTS_FASTA -
[04/c39360] NFC…AMTOOLS_FAIDX (AnoSag.fna) | 0 of 1
[-        ] NFC…REPARE_GENOME:SALMON_INDEX -
[-        ] NFC…ASEQ:RNASEQ:SAMTOOLS_INDEX -
[-        ] NFC…_SETSTRANDEDNESS:CAT_FASTQ -
[31/370c2a] NFC…NDEDNESS:FQ_LINT (caro_1k) | 2 of 2 ✔
[-        ] NFC…UMITOOLS_TRIMGALORE:FASTQC | 0 of 2
[-        ] NFC…OOLS_TRIMGALORE:TRIMGALORE | 0 of 2
[-        ] NFC…ESS:FQ_LINT_AFTER_TRIMMING -
[-        ] NFC…PLE_FQ_SALMON:FQ_SUBSAMPLE -
[-        ] NFC…PLE_FQ_SALMON:SALMON_QUANT -
[-        ] NFC…FY_BAM_SALMON:SALMON_QUANT -
[-        ] NFC…DEXPERIMENT:CUSTOM_TX2GENE -
[-        ] NFC…XPERIMENT:TXIMETA_TXIMPORT -
[-        ] NFC…EXPERIMENT:SE_GENE_UNIFIED -
[-        ] NFC…MENT:SE_TRANSCRIPT_UNIFIED -
Plus 32 more processes waiting for tasks…


executor >  slurm (6)
[b2/802395] NFC…GUNZIP_GTF (AnoSag.gtf.gz) | 1 of 1 ✔
[6d/2f9940] NFC…NZIP_FASTA (AnoSag.fna.gz) | 1 of 1 ✔
[5f/e6fec3] NFC…ME:GTF_FILTER (AnoSag.fna) | 0 of 1
[-        ] NFC…SEQ:PREPARE_GENOME:GTF2BED -
[-        ] NFC…OME:MAKE_TRANSCRIPTS_FASTA -
[04/c39360] NFC…AMTOOLS_FAIDX (AnoSag.fna) | 0 of 1
[-        ] NFC…REPARE_GENOME:SALMON_INDEX -
[-        ] NFC…ASEQ:RNASEQ:SAMTOOLS_INDEX -
[-        ] NFC…_SETSTRANDEDNESS:CAT_FASTQ -
[31/370c2a] NFC…NDEDNESS:FQ_LINT (caro_1k) | 2 of 2 ✔
[-        ] NFC…UMITOOLS_TRIMGALORE:FASTQC | 0 of 2
[-        ] NFC…OOLS_TRIMGALORE:TRIMGALORE | 0 of 2
[-        ] NFC…ESS:FQ_LINT_AFTER_TRIMMING -
[-        ] NFC…PLE_FQ_SALMON:FQ_SUBSAMPLE -
[-        ] NFC…PLE_FQ_SALMON:SALMON_QUANT -
[-        ] NFC…FY_BAM_SALMON:SALMON_QUANT -
[-        ] NFC…DEXPERIMENT:CUSTOM_TX2GENE -
[-        ] NFC…XPERIMENT:TXIMETA_TXIMPORT -
[-        ] NFC…EXPERIMENT:SE_GENE_UNIFIED -
[-        ] NFC…MENT:SE_TRANSCRIPT_UNIFIED -
Plus 32 more processes waiting for tasks…

executor >  slurm (7)
[b2/802395] NFC…GUNZIP_GTF (AnoSag.gtf.gz) | 1 of 1 ✔
[6d/2f9940] NFC…NZIP_FASTA (AnoSag.fna.gz) | 1 of 1 ✔
[5f/e6fec3] NFC…ME:GTF_FILTER (AnoSag.fna) | 0 of 1
[-        ] NFC…SEQ:PREPARE_GENOME:GTF2BED -
[-        ] NFC…OME:MAKE_TRANSCRIPTS_FASTA -
[04/c39360] NFC…AMTOOLS_FAIDX (AnoSag.fna) | 0 of 1
[-        ] NFC…REPARE_GENOME:SALMON_INDEX -
[-        ] NFC…ASEQ:RNASEQ:SAMTOOLS_INDEX -
[-        ] NFC…_SETSTRANDEDNESS:CAT_FASTQ -
[31/370c2a] NFC…NDEDNESS:FQ_LINT (caro_1k) | 2 of 2 ✔
[-        ] NFC…UMITOOLS_TRIMGALORE:FASTQC | 0 of 2
[b1/8cd93e] NFC…GALORE:TRIMGALORE (sag_1k) | 0 of 2
[-        ] NFC…ESS:FQ_LINT_AFTER_TRIMMING -
[-        ] NFC…PLE_FQ_SALMON:FQ_SUBSAMPLE -
[-        ] NFC…PLE_FQ_SALMON:SALMON_QUANT -
[-        ] NFC…FY_BAM_SALMON:SALMON_QUANT -
[-        ] NFC…DEXPERIMENT:CUSTOM_TX2GENE -
[-        ] NFC…XPERIMENT:TXIMETA_TXIMPORT -
[-        ] NFC…EXPERIMENT:SE_GENE_UNIFIED -
[-        ] NFC…MENT:SE_TRANSCRIPT_UNIFIED -
Plus 32 more processes waiting for tasks…

executor >  slurm (8)
[b2/802395] NFC…GUNZIP_GTF (AnoSag.gtf.gz) | 1 of 1 ✔
[6d/2f9940] NFC…NZIP_FASTA (AnoSag.fna.gz) | 1 of 1 ✔
[5f/e6fec3] NFC…ME:GTF_FILTER (AnoSag.fna) | 0 of 1
[-        ] NFC…SEQ:PREPARE_GENOME:GTF2BED -
[-        ] NFC…OME:MAKE_TRANSCRIPTS_FASTA -
[04/c39360] NFC…AMTOOLS_FAIDX (AnoSag.fna) | 0 of 1
[-        ] NFC…REPARE_GENOME:SALMON_INDEX -
[-        ] NFC…ASEQ:RNASEQ:SAMTOOLS_INDEX -
[-        ] NFC…_SETSTRANDEDNESS:CAT_FASTQ -
[31/370c2a] NFC…NDEDNESS:FQ_LINT (caro_1k) | 2 of 2 ✔
[-        ] NFC…UMITOOLS_TRIMGALORE:FASTQC | 0 of 2
[54/8be9a9] NFC…ALORE:TRIMGALORE (caro_1k) | 0 of 2
[-        ] NFC…ESS:FQ_LINT_AFTER_TRIMMING -
[-        ] NFC…PLE_FQ_SALMON:FQ_SUBSAMPLE -
[-        ] NFC…PLE_FQ_SALMON:SALMON_QUANT -
[-        ] NFC…FY_BAM_SALMON:SALMON_QUANT -
[-        ] NFC…DEXPERIMENT:CUSTOM_TX2GENE -
[-        ] NFC…XPERIMENT:TXIMETA_TXIMPORT -
[-        ] NFC…EXPERIMENT:SE_GENE_UNIFIED -
[-        ] NFC…MENT:SE_TRANSCRIPT_UNIFIED -
Plus 32 more processes waiting for tasks…

executor >  slurm (9)
[b2/802395] NFC…GUNZIP_GTF (AnoSag.gtf.gz) | 1 of 1 ✔
[6d/2f9940] NFC…NZIP_FASTA (AnoSag.fna.gz) | 1 of 1 ✔
[5f/e6fec3] NFC…ME:GTF_FILTER (AnoSag.fna) | 0 of 1
[-        ] NFC…SEQ:PREPARE_GENOME:GTF2BED -
[-        ] NFC…OME:MAKE_TRANSCRIPTS_FASTA -
[04/c39360] NFC…AMTOOLS_FAIDX (AnoSag.fna) | 0 of 1
[-        ] NFC…REPARE_GENOME:SALMON_INDEX -
[-        ] NFC…ASEQ:RNASEQ:SAMTOOLS_INDEX -
[-        ] NFC…_SETSTRANDEDNESS:CAT_FASTQ -
[31/370c2a] NFC…NDEDNESS:FQ_LINT (caro_1k) | 2 of 2 ✔
[8f/204e78] NFC…TRIMGALORE:FASTQC (sag_1k) | 0 of 2
[54/8be9a9] NFC…ALORE:TRIMGALORE (caro_1k) | 0 of 2
[-        ] NFC…ESS:FQ_LINT_AFTER_TRIMMING -
[-        ] NFC…PLE_FQ_SALMON:FQ_SUBSAMPLE -
[-        ] NFC…PLE_FQ_SALMON:SALMON_QUANT -
[-        ] NFC…FY_BAM_SALMON:SALMON_QUANT -
[-        ] NFC…DEXPERIMENT:CUSTOM_TX2GENE -
[-        ] NFC…XPERIMENT:TXIMETA_TXIMPORT -
[-        ] NFC…EXPERIMENT:SE_GENE_UNIFIED -
[-        ] NFC…MENT:SE_TRANSCRIPT_UNIFIED -
Plus 32 more processes waiting for tasks…

executor >  slurm (10)
[b2/802395] NFC…GUNZIP_GTF (AnoSag.gtf.gz) | 1 of 1 ✔
[6d/2f9940] NFC…NZIP_FASTA (AnoSag.fna.gz) | 1 of 1 ✔
[5f/e6fec3] NFC…ME:GTF_FILTER (AnoSag.fna) | 0 of 1
[-        ] NFC…SEQ:PREPARE_GENOME:GTF2BED -
[-        ] NFC…OME:MAKE_TRANSCRIPTS_FASTA -
[04/c39360] NFC…AMTOOLS_FAIDX (AnoSag.fna) | 0 of 1
[-        ] NFC…REPARE_GENOME:SALMON_INDEX -
[-        ] NFC…ASEQ:RNASEQ:SAMTOOLS_INDEX -
[-        ] NFC…_SETSTRANDEDNESS:CAT_FASTQ -
[31/370c2a] NFC…NDEDNESS:FQ_LINT (caro_1k) | 2 of 2 ✔
[a9/dd5b1d] NFC…RIMGALORE:FASTQC (caro_1k) | 0 of 2
[54/8be9a9] NFC…ALORE:TRIMGALORE (caro_1k) | 0 of 2
[-        ] NFC…ESS:FQ_LINT_AFTER_TRIMMING -
[-        ] NFC…PLE_FQ_SALMON:FQ_SUBSAMPLE -
[-        ] NFC…PLE_FQ_SALMON:SALMON_QUANT -
[-        ] NFC…FY_BAM_SALMON:SALMON_QUANT -
[-        ] NFC…DEXPERIMENT:CUSTOM_TX2GENE -
[-        ] NFC…XPERIMENT:TXIMETA_TXIMPORT -
[-        ] NFC…EXPERIMENT:SE_GENE_UNIFIED -
[-        ] NFC…MENT:SE_TRANSCRIPT_UNIFIED -
Plus 32 more processes waiting for tasks…

executor >  slurm (10)
[b2/802395] NFC…GUNZIP_GTF (AnoSag.gtf.gz) | 1 of 1 ✔
[6d/2f9940] NFC…NZIP_FASTA (AnoSag.fna.gz) | 1 of 1 ✔
[5f/e6fec3] NFC…ME:GTF_FILTER (AnoSag.fna) | 0 of 1
[-        ] NFC…SEQ:PREPARE_GENOME:GTF2BED -
[-        ] NFC…OME:MAKE_TRANSCRIPTS_FASTA -
[04/c39360] NFC…AMTOOLS_FAIDX (AnoSag.fna) | 0 of 1
[-        ] NFC…REPARE_GENOME:SALMON_INDEX -
[-        ] NFC…ASEQ:RNASEQ:SAMTOOLS_INDEX -
[-        ] NFC…_SETSTRANDEDNESS:CAT_FASTQ -
[31/370c2a] NFC…NDEDNESS:FQ_LINT (caro_1k) | 2 of 2 ✔
[a9/dd5b1d] NFC…RIMGALORE:FASTQC (caro_1k) | 0 of 2
[54/8be9a9] NFC…ALORE:TRIMGALORE (caro_1k) | 0 of 2
[-        ] NFC…ESS:FQ_LINT_AFTER_TRIMMING -
[-        ] NFC…PLE_FQ_SALMON:FQ_SUBSAMPLE -
[-        ] NFC…PLE_FQ_SALMON:SALMON_QUANT -
[-        ] NFC…FY_BAM_SALMON:SALMON_QUANT -
[-        ] NFC…DEXPERIMENT:CUSTOM_TX2GENE -
[-        ] NFC…XPERIMENT:TXIMETA_TXIMPORT -
[-        ] NFC…EXPERIMENT:SE_GENE_UNIFIED -
[-        ] NFC…MENT:SE_TRANSCRIPT_UNIFIED -
Plus 32 more processes waiting for tasks…

executor >  slurm (10)
[b2/802395] NFC…GUNZIP_GTF (AnoSag.gtf.gz) | 1 of 1 ✔
[6d/2f9940] NFC…NZIP_FASTA (AnoSag.fna.gz) | 1 of 1 ✔
[5f/e6fec3] NFC…ME:GTF_FILTER (AnoSag.fna) | 1 of 1 ✔
[-        ] NFC…SEQ:PREPARE_GENOME:GTF2BED | 0 of 1
[-        ] NFC…OME:MAKE_TRANSCRIPTS_FASTA | 0 of 1
[04/c39360] NFC…AMTOOLS_FAIDX (AnoSag.fna) | 1 of 1 ✔
[-        ] NFC…REPARE_GENOME:SALMON_INDEX -
[-        ] NFC…ASEQ:RNASEQ:SAMTOOLS_INDEX -
[-        ] NFC…_SETSTRANDEDNESS:CAT_FASTQ -
[31/370c2a] NFC…NDEDNESS:FQ_LINT (caro_1k) | 2 of 2 ✔
[a9/dd5b1d] NFC…RIMGALORE:FASTQC (caro_1k) | 2 of 2 ✔
[54/8be9a9] NFC…ALORE:TRIMGALORE (caro_1k) | 2 of 2 ✔
[-        ] NFC…ESS:FQ_LINT_AFTER_TRIMMING -
[-        ] NFC…PLE_FQ_SALMON:FQ_SUBSAMPLE -
[-        ] NFC…PLE_FQ_SALMON:SALMON_QUANT -
[-        ] NFC…FY_BAM_SALMON:SALMON_QUANT -
[-        ] NFC…DEXPERIMENT:CUSTOM_TX2GENE -
[-        ] NFC…XPERIMENT:TXIMETA_TXIMPORT -
[-        ] NFC…EXPERIMENT:SE_GENE_UNIFIED -
[-        ] NFC…MENT:SE_TRANSCRIPT_UNIFIED -
Plus 32 more processes waiting for tasks…

executor >  slurm (11)
[b2/802395] NFC…GUNZIP_GTF (AnoSag.gtf.gz) | 1 of 1 ✔
[6d/2f9940] NFC…NZIP_FASTA (AnoSag.fna.gz) | 1 of 1 ✔
[5f/e6fec3] NFC…ME:GTF_FILTER (AnoSag.fna) | 1 of 1 ✔
[81/b3a6a3] NFC…2BED (AnoSag.filtered.gtf) | 0 of 1
[-        ] NFC…OME:MAKE_TRANSCRIPTS_FASTA | 0 of 1
[04/c39360] NFC…AMTOOLS_FAIDX (AnoSag.fna) | 1 of 1 ✔
[-        ] NFC…REPARE_GENOME:SALMON_INDEX -
[-        ] NFC…ASEQ:RNASEQ:SAMTOOLS_INDEX -
[-        ] NFC…_SETSTRANDEDNESS:CAT_FASTQ -
[31/370c2a] NFC…NDEDNESS:FQ_LINT (caro_1k) | 2 of 2 ✔
[a9/dd5b1d] NFC…RIMGALORE:FASTQC (caro_1k) | 2 of 2 ✔
[54/8be9a9] NFC…ALORE:TRIMGALORE (caro_1k) | 2 of 2 ✔
[-        ] NFC…ESS:FQ_LINT_AFTER_TRIMMING -
[-        ] NFC…PLE_FQ_SALMON:FQ_SUBSAMPLE -
[-        ] NFC…PLE_FQ_SALMON:SALMON_QUANT -
[-        ] NFC…FY_BAM_SALMON:SALMON_QUANT -
[-        ] NFC…DEXPERIMENT:CUSTOM_TX2GENE -
[-        ] NFC…XPERIMENT:TXIMETA_TXIMPORT -
[-        ] NFC…EXPERIMENT:SE_GENE_UNIFIED -
[-        ] NFC…MENT:SE_TRANSCRIPT_UNIFIED -
Plus 32 more processes waiting for tasks…

executor >  slurm (12)
[b2/802395] NFC…GUNZIP_GTF (AnoSag.gtf.gz) | 1 of 1 ✔
[6d/2f9940] NFC…NZIP_FASTA (AnoSag.fna.gz) | 1 of 1 ✔
[5f/e6fec3] NFC…ME:GTF_FILTER (AnoSag.fna) | 1 of 1 ✔
[81/b3a6a3] NFC…2BED (AnoSag.filtered.gtf) | 0 of 1
[ac/87291f] NFC…TS_FASTA (rsem/AnoSag.fna) | 0 of 1
[04/c39360] NFC…AMTOOLS_FAIDX (AnoSag.fna) | 1 of 1 ✔
[-        ] NFC…REPARE_GENOME:SALMON_INDEX -
[-        ] NFC…ASEQ:RNASEQ:SAMTOOLS_INDEX -
[-        ] NFC…_SETSTRANDEDNESS:CAT_FASTQ -
[31/370c2a] NFC…NDEDNESS:FQ_LINT (caro_1k) | 2 of 2 ✔
[a9/dd5b1d] NFC…RIMGALORE:FASTQC (caro_1k) | 2 of 2 ✔
[54/8be9a9] NFC…ALORE:TRIMGALORE (caro_1k) | 2 of 2 ✔
[-        ] NFC…ESS:FQ_LINT_AFTER_TRIMMING -
[-        ] NFC…PLE_FQ_SALMON:FQ_SUBSAMPLE -
[-        ] NFC…PLE_FQ_SALMON:SALMON_QUANT -
[-        ] NFC…FY_BAM_SALMON:SALMON_QUANT -
[-        ] NFC…DEXPERIMENT:CUSTOM_TX2GENE -
[-        ] NFC…XPERIMENT:TXIMETA_TXIMPORT -
[-        ] NFC…EXPERIMENT:SE_GENE_UNIFIED -
[-        ] NFC…MENT:SE_TRANSCRIPT_UNIFIED -
Plus 32 more processes waiting for tasks…

executor >  slurm (12)
[b2/802395] NFC…GUNZIP_GTF (AnoSag.gtf.gz) | 1 of 1 ✔
[6d/2f9940] NFC…NZIP_FASTA (AnoSag.fna.gz) | 1 of 1 ✔
[5f/e6fec3] NFC…ME:GTF_FILTER (AnoSag.fna) | 1 of 1 ✔
[81/b3a6a3] NFC…2BED (AnoSag.filtered.gtf) | 0 of 1
[ac/87291f] NFC…TS_FASTA (rsem/AnoSag.fna) | 0 of 1
[04/c39360] NFC…AMTOOLS_FAIDX (AnoSag.fna) | 1 of 1 ✔
[-        ] NFC…REPARE_GENOME:SALMON_INDEX -
[-        ] NFC…ASEQ:RNASEQ:SAMTOOLS_INDEX -
[-        ] NFC…_SETSTRANDEDNESS:CAT_FASTQ -
[31/370c2a] NFC…NDEDNESS:FQ_LINT (caro_1k) | 2 of 2 ✔
[a9/dd5b1d] NFC…RIMGALORE:FASTQC (caro_1k) | 2 of 2 ✔
[54/8be9a9] NFC…ALORE:TRIMGALORE (caro_1k) | 2 of 2 ✔
[-        ] NFC…ESS:FQ_LINT_AFTER_TRIMMING -
[-        ] NFC…PLE_FQ_SALMON:FQ_SUBSAMPLE -
[-        ] NFC…PLE_FQ_SALMON:SALMON_QUANT -
[-        ] NFC…FY_BAM_SALMON:SALMON_QUANT -
[-        ] NFC…DEXPERIMENT:CUSTOM_TX2GENE -
[-        ] NFC…XPERIMENT:TXIMETA_TXIMPORT -
[-        ] NFC…EXPERIMENT:SE_GENE_UNIFIED -
[-        ] NFC…MENT:SE_TRANSCRIPT_UNIFIED -
Plus 32 more processes waiting for tasks…
WARN: ~~~~~~~~~~~~~~~~~~~~~~~~~~~~~~~~~~~~~~~~~~~~~~~~~~~~~~~~~~~~~~~~~~~~~~
  Biotype attribute 'gene_biotype' not found in the last column of the GTF file!

  Biotype QC will be skipped to circumvent the issue below:
  https://github.com/nf-core/rnaseq/issues/460

  Amend '--featurecounts_group_type' to change this behaviour.
~~~~~~~~~~~~~~~~~~~~~~~~~~~~~~~~~~~~~~~~~~~~~~~~~~~~~~~~~~~~~~~~~~~~~~~~~~~~

executor >  slurm (12)
[b2/802395] NFC…GUNZIP_GTF (AnoSag.gtf.gz) | 1 of 1 ✔
[6d/2f9940] NFC…NZIP_FASTA (AnoSag.fna.gz) | 1 of 1 ✔
[5f/e6fec3] NFC…ME:GTF_FILTER (AnoSag.fna) | 1 of 1 ✔
[81/b3a6a3] NFC…2BED (AnoSag.filtered.gtf) | 1 of 1 ✔
[ac/87291f] NFC…TS_FASTA (rsem/AnoSag.fna) | 1 of 1 ✔
[04/c39360] NFC…AMTOOLS_FAIDX (AnoSag.fna) | 1 of 1 ✔
[-        ] NFC…REPARE_GENOME:SALMON_INDEX | 0 of 1
[-        ] NFC…ASEQ:RNASEQ:SAMTOOLS_INDEX -
[-        ] NFC…_SETSTRANDEDNESS:CAT_FASTQ -
[31/370c2a] NFC…NDEDNESS:FQ_LINT (caro_1k) | 2 of 2 ✔
[a9/dd5b1d] NFC…RIMGALORE:FASTQC (caro_1k) | 2 of 2 ✔
[54/8be9a9] NFC…ALORE:TRIMGALORE (caro_1k) | 2 of 2 ✔
[-        ] NFC…ESS:FQ_LINT_AFTER_TRIMMING -
[-        ] NFC…PLE_FQ_SALMON:FQ_SUBSAMPLE -
[-        ] NFC…PLE_FQ_SALMON:SALMON_QUANT -
[-        ] NFC…FY_BAM_SALMON:SALMON_QUANT -
[-        ] NFC…DEXPERIMENT:CUSTOM_TX2GENE -
[-        ] NFC…XPERIMENT:TXIMETA_TXIMPORT -
[-        ] NFC…EXPERIMENT:SE_GENE_UNIFIED -
[-        ] NFC…MENT:SE_TRANSCRIPT_UNIFIED -
Plus 32 more processes waiting for tasks…









executor >  slurm (13)
[b2/802395] NFC…GUNZIP_GTF (AnoSag.gtf.gz) | 1 of 1 ✔
[6d/2f9940] NFC…NZIP_FASTA (AnoSag.fna.gz) | 1 of 1 ✔
[5f/e6fec3] NFC…ME:GTF_FILTER (AnoSag.fna) | 1 of 1 ✔
[81/b3a6a3] NFC…2BED (AnoSag.filtered.gtf) | 1 of 1 ✔
[ac/87291f] NFC…TS_FASTA (rsem/AnoSag.fna) | 1 of 1 ✔
[04/c39360] NFC…AMTOOLS_FAIDX (AnoSag.fna) | 1 of 1 ✔
[5e/65b8b3] NFC…EX (genome.transcripts.fa) | 0 of 1
[-        ] NFC…ASEQ:RNASEQ:SAMTOOLS_INDEX -
[-        ] NFC…_SETSTRANDEDNESS:CAT_FASTQ -
[31/370c2a] NFC…NDEDNESS:FQ_LINT (caro_1k) | 2 of 2 ✔
[a9/dd5b1d] NFC…RIMGALORE:FASTQC (caro_1k) | 2 of 2 ✔
[54/8be9a9] NFC…ALORE:TRIMGALORE (caro_1k) | 2 of 2 ✔
[-        ] NFC…ESS:FQ_LINT_AFTER_TRIMMING -
[-        ] NFC…PLE_FQ_SALMON:FQ_SUBSAMPLE -
[-        ] NFC…PLE_FQ_SALMON:SALMON_QUANT -
[-        ] NFC…FY_BAM_SALMON:SALMON_QUANT -
[-        ] NFC…DEXPERIMENT:CUSTOM_TX2GENE -
[-        ] NFC…XPERIMENT:TXIMETA_TXIMPORT -
[-        ] NFC…EXPERIMENT:SE_GENE_UNIFIED -
[-        ] NFC…MENT:SE_TRANSCRIPT_UNIFIED -
Plus 32 more processes waiting for tasks…









executor >  slurm (13)
[b2/802395] NFC…GUNZIP_GTF (AnoSag.gtf.gz) | 1 of 1 ✔
[6d/2f9940] NFC…NZIP_FASTA (AnoSag.fna.gz) | 1 of 1 ✔
[5f/e6fec3] NFC…ME:GTF_FILTER (AnoSag.fna) | 1 of 1 ✔
[81/b3a6a3] NFC…2BED (AnoSag.filtered.gtf) | 1 of 1 ✔
[ac/87291f] NFC…TS_FASTA (rsem/AnoSag.fna) | 1 of 1 ✔
[04/c39360] NFC…AMTOOLS_FAIDX (AnoSag.fna) | 1 of 1 ✔
[5e/65b8b3] NFC…EX (genome.transcripts.fa) | 0 of 1
[-        ] NFC…ASEQ:RNASEQ:SAMTOOLS_INDEX -
[-        ] NFC…_SETSTRANDEDNESS:CAT_FASTQ -
[31/370c2a] NFC…NDEDNESS:FQ_LINT (caro_1k) | 2 of 2 ✔
[a9/dd5b1d] NFC…RIMGALORE:FASTQC (caro_1k) | 2 of 2 ✔
[54/8be9a9] NFC…ALORE:TRIMGALORE (caro_1k) | 2 of 2 ✔
[-        ] NFC…ESS:FQ_LINT_AFTER_TRIMMING -
[-        ] NFC…PLE_FQ_SALMON:FQ_SUBSAMPLE -
[-        ] NFC…PLE_FQ_SALMON:SALMON_QUANT -
[-        ] NFC…FY_BAM_SALMON:SALMON_QUANT -
[-        ] NFC…DEXPERIMENT:CUSTOM_TX2GENE -
[-        ] NFC…XPERIMENT:TXIMETA_TXIMPORT -
[-        ] NFC…EXPERIMENT:SE_GENE_UNIFIED -
[-        ] NFC…MENT:SE_TRANSCRIPT_UNIFIED -
Plus 32 more processes waiting for tasks…

executor >  slurm (13)
[b2/802395] NFC…GUNZIP_GTF (AnoSag.gtf.gz) | 1 of 1 ✔
[6d/2f9940] NFC…NZIP_FASTA (AnoSag.fna.gz) | 1 of 1 ✔
[5f/e6fec3] NFC…ME:GTF_FILTER (AnoSag.fna) | 1 of 1 ✔
[81/b3a6a3] NFC…2BED (AnoSag.filtered.gtf) | 1 of 1 ✔
[ac/87291f] NFC…TS_FASTA (rsem/AnoSag.fna) | 1 of 1 ✔
[04/c39360] NFC…AMTOOLS_FAIDX (AnoSag.fna) | 1 of 1 ✔
[5e/65b8b3] NFC…EX (genome.transcripts.fa) | 1 of 1 ✔
[-        ] NFC…ASEQ:RNASEQ:SAMTOOLS_INDEX -
[-        ] NFC…_SETSTRANDEDNESS:CAT_FASTQ -
[31/370c2a] NFC…NDEDNESS:FQ_LINT (caro_1k) | 2 of 2 ✔
[a9/dd5b1d] NFC…RIMGALORE:FASTQC (caro_1k) | 2 of 2 ✔
[54/8be9a9] NFC…ALORE:TRIMGALORE (caro_1k) | 2 of 2 ✔
[-        ] NFC…ESS:FQ_LINT_AFTER_TRIMMING -
[-        ] NFC…PLE_FQ_SALMON:FQ_SUBSAMPLE -
[-        ] NFC…PLE_FQ_SALMON:SALMON_QUANT -
[-        ] NFC…FY_BAM_SALMON:SALMON_QUANT -
[-        ] NFC…DEXPERIMENT:CUSTOM_TX2GENE -
[-        ] NFC…XPERIMENT:TXIMETA_TXIMPORT -
[-        ] NFC…EXPERIMENT:SE_GENE_UNIFIED -
[-        ] NFC…MENT:SE_TRANSCRIPT_UNIFIED -
Plus 32 more processes waiting for tasks…

executor >  slurm (13)
[b2/802395] NFC…GUNZIP_GTF (AnoSag.gtf.gz) | 1 of 1 ✔
[6d/2f9940] NFC…NZIP_FASTA (AnoSag.fna.gz) | 1 of 1 ✔
[5f/e6fec3] NFC…ME:GTF_FILTER (AnoSag.fna) | 1 of 1 ✔
[81/b3a6a3] NFC…2BED (AnoSag.filtered.gtf) | 1 of 1 ✔
[ac/87291f] NFC…TS_FASTA (rsem/AnoSag.fna) | 1 of 1 ✔
[04/c39360] NFC…AMTOOLS_FAIDX (AnoSag.fna) | 1 of 1 ✔
[5e/65b8b3] NFC…EX (genome.transcripts.fa) | 1 of 1 ✔
[-        ] NFC…ASEQ:RNASEQ:SAMTOOLS_INDEX -
[-        ] NFC…_SETSTRANDEDNESS:CAT_FASTQ -
[31/370c2a] NFC…NDEDNESS:FQ_LINT (caro_1k) | 2 of 2 ✔
[a9/dd5b1d] NFC…RIMGALORE:FASTQC (caro_1k) | 2 of 2 ✔
[54/8be9a9] NFC…ALORE:TRIMGALORE (caro_1k) | 2 of 2 ✔
[-        ] NFC…ESS:FQ_LINT_AFTER_TRIMMING -
[-        ] NFC…PLE_FQ_SALMON:FQ_SUBSAMPLE -
[-        ] NFC…PLE_FQ_SALMON:SALMON_QUANT -
[-        ] NFC…FY_BAM_SALMON:SALMON_QUANT -
[-        ] NFC…DEXPERIMENT:CUSTOM_TX2GENE -
[-        ] NFC…XPERIMENT:TXIMETA_TXIMPORT -
[-        ] NFC…EXPERIMENT:SE_GENE_UNIFIED -
[-        ] NFC…MENT:SE_TRANSCRIPT_UNIFIED -
Plus 32 more processes waiting for tasks…
Pulling Singularity image https://community-cr-prod.seqera.io/docker/registry/v2/blobs/sha256/34/34e733a9ae16a27e80fe00f863ea1479c96416017f24a907996126283e7ecd4d/data [cache /storage/project/r-jstroud36-0/tcooper84/singularity_cache/community-cr-prod.seqera.io-docker-registry-v2-blobs-sha256-34-34e733a9ae16a27e80fe00f863ea1479c96416017f24a907996126283e7ecd4d-data.img]

executor >  slurm (13)
[b2/802395] NFC…GUNZIP_GTF (AnoSag.gtf.gz) | 1 of 1 ✔
[6d/2f9940] NFC…NZIP_FASTA (AnoSag.fna.gz) | 1 of 1 ✔
[5f/e6fec3] NFC…ME:GTF_FILTER (AnoSag.fna) | 1 of 1 ✔
[81/b3a6a3] NFC…2BED (AnoSag.filtered.gtf) | 1 of 1 ✔
[ac/87291f] NFC…TS_FASTA (rsem/AnoSag.fna) | 1 of 1 ✔
[04/c39360] NFC…AMTOOLS_FAIDX (AnoSag.fna) | 1 of 1 ✔
[5e/65b8b3] NFC…EX (genome.transcripts.fa) | 1 of 1 ✔
[-        ] NFC…ASEQ:RNASEQ:SAMTOOLS_INDEX -
[-        ] NFC…_SETSTRANDEDNESS:CAT_FASTQ -
[31/370c2a] NFC…NDEDNESS:FQ_LINT (caro_1k) | 2 of 2 ✔
[a9/dd5b1d] NFC…RIMGALORE:FASTQC (caro_1k) | 2 of 2 ✔
[54/8be9a9] NFC…ALORE:TRIMGALORE (caro_1k) | 2 of 2 ✔
[-        ] NFC…ESS:FQ_LINT_AFTER_TRIMMING -
[-        ] NFC…PLE_FQ_SALMON:FQ_SUBSAMPLE -
[-        ] NFC…PLE_FQ_SALMON:SALMON_QUANT -
[-        ] NFC…FY_BAM_SALMON:SALMON_QUANT -
[-        ] NFC…DEXPERIMENT:CUSTOM_TX2GENE -
[-        ] NFC…XPERIMENT:TXIMETA_TXIMPORT -
[-        ] NFC…EXPERIMENT:SE_GENE_UNIFIED -
[-        ] NFC…MENT:SE_TRANSCRIPT_UNIFIED -
[-        ] NFCORE_RNASEQ:RNASEQ:MULTIQC   | 0 of 1
Plus 31 more processes waiting for tasks…
Pulling Singularity image https://community-cr-prod.seqera.io/docker/registry/v2/blobs/sha256/34/34e733a9ae16a27e80fe00f863ea1479c96416017f24a907996126283e7ecd4d/data [cache /storage/project/r-jstroud36-0/tcooper84/singularity_cache/community-cr-prod.seqera.io-docker-registry-v2-blobs-sha256-34-34e733a9ae16a27e80fe00f863ea1479c96416017f24a907996126283e7ecd4d-data.img]

executor >  slurm (14)
[b2/802395] NFC…GUNZIP_GTF (AnoSag.gtf.gz) | 1 of 1 ✔
[6d/2f9940] NFC…NZIP_FASTA (AnoSag.fna.gz) | 1 of 1 ✔
[5f/e6fec3] NFC…ME:GTF_FILTER (AnoSag.fna) | 1 of 1 ✔
[81/b3a6a3] NFC…2BED (AnoSag.filtered.gtf) | 1 of 1 ✔
[ac/87291f] NFC…TS_FASTA (rsem/AnoSag.fna) | 1 of 1 ✔
[04/c39360] NFC…AMTOOLS_FAIDX (AnoSag.fna) | 1 of 1 ✔
[5e/65b8b3] NFC…EX (genome.transcripts.fa) | 1 of 1 ✔
[-        ] NFC…ASEQ:RNASEQ:SAMTOOLS_INDEX -
[-        ] NFC…_SETSTRANDEDNESS:CAT_FASTQ -
[31/370c2a] NFC…NDEDNESS:FQ_LINT (caro_1k) | 2 of 2 ✔
[a9/dd5b1d] NFC…RIMGALORE:FASTQC (caro_1k) | 2 of 2 ✔
[54/8be9a9] NFC…ALORE:TRIMGALORE (caro_1k) | 2 of 2 ✔
[-        ] NFC…ESS:FQ_LINT_AFTER_TRIMMING -
[-        ] NFC…PLE_FQ_SALMON:FQ_SUBSAMPLE -
[-        ] NFC…PLE_FQ_SALMON:SALMON_QUANT -
[-        ] NFC…FY_BAM_SALMON:SALMON_QUANT -
[-        ] NFC…DEXPERIMENT:CUSTOM_TX2GENE -
[-        ] NFC…XPERIMENT:TXIMETA_TXIMPORT -
[-        ] NFC…EXPERIMENT:SE_GENE_UNIFIED -
[-        ] NFC…MENT:SE_TRANSCRIPT_UNIFIED -
[b8/4d5865] NFC…Q:MULTIQC (multiqc_report) | 0 of 1
Plus 31 more processes waiting for tasks…
Pulling Singularity image https://community-cr-prod.seqera.io/docker/registry/v2/blobs/sha256/34/34e733a9ae16a27e80fe00f863ea1479c96416017f24a907996126283e7ecd4d/data [cache /storage/project/r-jstroud36-0/tcooper84/singularity_cache/community-cr-prod.seqera.io-docker-registry-v2-blobs-sha256-34-34e733a9ae16a27e80fe00f863ea1479c96416017f24a907996126283e7ecd4d-data.img]

executor >  slurm (14)
[b2/802395] NFC…GUNZIP_GTF (AnoSag.gtf.gz) | 1 of 1 ✔
[6d/2f9940] NFC…NZIP_FASTA (AnoSag.fna.gz) | 1 of 1 ✔
[5f/e6fec3] NFC…ME:GTF_FILTER (AnoSag.fna) | 1 of 1 ✔
[81/b3a6a3] NFC…2BED (AnoSag.filtered.gtf) | 1 of 1 ✔
[ac/87291f] NFC…TS_FASTA (rsem/AnoSag.fna) | 1 of 1 ✔
[04/c39360] NFC…AMTOOLS_FAIDX (AnoSag.fna) | 1 of 1 ✔
[5e/65b8b3] NFC…EX (genome.transcripts.fa) | 1 of 1 ✔
[-        ] NFC…ASEQ:RNASEQ:SAMTOOLS_INDEX -
[-        ] NFC…_SETSTRANDEDNESS:CAT_FASTQ -
[31/370c2a] NFC…NDEDNESS:FQ_LINT (caro_1k) | 2 of 2 ✔
[a9/dd5b1d] NFC…RIMGALORE:FASTQC (caro_1k) | 2 of 2 ✔
[54/8be9a9] NFC…ALORE:TRIMGALORE (caro_1k) | 2 of 2 ✔
[-        ] NFC…ESS:FQ_LINT_AFTER_TRIMMING -
[-        ] NFC…PLE_FQ_SALMON:FQ_SUBSAMPLE -
[-        ] NFC…PLE_FQ_SALMON:SALMON_QUANT -
[-        ] NFC…FY_BAM_SALMON:SALMON_QUANT -
[-        ] NFC…DEXPERIMENT:CUSTOM_TX2GENE -
[-        ] NFC…XPERIMENT:TXIMETA_TXIMPORT -
[-        ] NFC…EXPERIMENT:SE_GENE_UNIFIED -
[-        ] NFC…MENT:SE_TRANSCRIPT_UNIFIED -
[b8/4d5865] NFC…Q:MULTIQC (multiqc_report) | 1 of 1 ✔
Plus 31 more processes waiting for tasks…


executor >  slurm (14)
[b2/802395] NFC…GUNZIP_GTF (AnoSag.gtf.gz) | 1 of 1 ✔
[6d/2f9940] NFC…NZIP_FASTA (AnoSag.fna.gz) | 1 of 1 ✔
[5f/e6fec3] NFC…ME:GTF_FILTER (AnoSag.fna) | 1 of 1 ✔
[81/b3a6a3] NFC…2BED (AnoSag.filtered.gtf) | 1 of 1 ✔
[ac/87291f] NFC…TS_FASTA (rsem/AnoSag.fna) | 1 of 1 ✔
[04/c39360] NFC…AMTOOLS_FAIDX (AnoSag.fna) | 1 of 1 ✔
[5e/65b8b3] NFC…EX (genome.transcripts.fa) | 1 of 1 ✔
[-        ] NFC…ASEQ:RNASEQ:SAMTOOLS_INDEX -
[-        ] NFC…_SETSTRANDEDNESS:CAT_FASTQ -
[31/370c2a] NFC…NDEDNESS:FQ_LINT (caro_1k) | 2 of 2 ✔
[a9/dd5b1d] NFC…RIMGALORE:FASTQC (caro_1k) | 2 of 2 ✔
[54/8be9a9] NFC…ALORE:TRIMGALORE (caro_1k) | 2 of 2 ✔
[-        ] NFC…ESS:FQ_LINT_AFTER_TRIMMING -
[-        ] NFC…PLE_FQ_SALMON:FQ_SUBSAMPLE -
[-        ] NFC…PLE_FQ_SALMON:SALMON_QUANT -
[-        ] NFC…FY_BAM_SALMON:SALMON_QUANT -
[-        ] NFC…DEXPERIMENT:CUSTOM_TX2GENE -
[-        ] NFC…XPERIMENT:TXIMETA_TXIMPORT -
[-        ] NFC…EXPERIMENT:SE_GENE_UNIFIED -
[-        ] NFC…MENT:SE_TRANSCRIPT_UNIFIED -
[b8/4d5865] NFC…Q:MULTIQC (multiqc_report) | 1 of 1 ✔
Plus 31 more processes waiting for tasks…
-[nf-core/rnaseq] Pipeline completed successfully with skipped sampl(es)-
-[nf-core/rnaseq] Please check MultiQC report: 2/2 samples skipped since they failed 10000 trimmed read threshold.-
Completed at: 24-Apr-2026 18:04:05
Duration    : 33m 19s
CPU hours   : 3.3
Succeeded   : 14


---------------------------------------
Begin Slurm Epilog: Apr-24-2026 18:04:07
Job ID:        7416780
User ID:       tcooper84
Account:       gts-jstroud36
Job name:      rnole_pipeline
Resources:     cpu=24,mem=128G,node=1
Rsrc Used:     cput=13:27:12,vmem=0,walltime=00:33:38,mem=3561772K,energy_used=0
Partition:     cpu-small
QOS:           inferno
Nodes:         atl1-1-02-012-14-1
---------------------------------------
